2021-05-22 08:43:10 -  - exec CUpdateClientPartner::SearchModulesEx
2021-05-22 08:43:10 -  - exec CUpdateClientPartner::__CollectRequestData
2021-05-22 08:43:10 -  - utf=Y&lang=ru&stable=Y&CANGZIP=Y&SUPD_DBS=MYSQL&XE=N&CLIENT_SITE=localhost&LICENSE_KEY=X&SUPD_STS=1&SUPD_URS=0&SUPD_URSA=1&TYPENC=D&CLIENT_PHPVER=7.4.12&NGINX=Y&dbv=5.7.32&instm=main%2C20.200.300%2CY%3Bvote%2C20.100.100%2CN%3Bui%2C20.5.887%2CN%3Blanding%2C20.4.850%2CN%3Bmobileapp%2C20.5.0%2CN%3Bform%2C20.100.0%2CN%3Bperfmon%2C20.100.0%2CN%3Bscale%2C20.5.0%2CN%3Bbitrix.siteinfoportal%2C15.5.0%2CN%3Bhighloadblock%2C20.100.0%2CN%3Bsecurity%2C20.200.0%2CN%3Btranslate%2C20.100.0%2CN%3Bsocialservices%2C20.0.500%2CN%3Bphotogallery%2C20.5.0%2CN%3Bblog%2C20.100.100%2CN%3Bclouds%2C20.100.0%2CN%3Bsearch%2C20.5.0%2CN%3Biblock%2C20.0.1150%2CN%3Bforum%2C20.5.0%2CN%3Bsubscribe%2C20.5.0%2CN%3Bmessageservice%2C20.100.0%2CN%3Bbitrixcloud%2C20.5.0%2CN%3Bbitrix.sitecorporate%2C15.5.0%2CN%3Bbitrix.sitepersonal%2C15.5.0%2CN%3Bseo%2C20.0.400%2CN%3Bb24connector%2C20.5.0%2CN%3Brest%2C20.50.150%2CN%3Bfileman%2C20.5.0%2CN&search_module_id=&search_module=&search_category=7%2C14&search_type=&search_order=DESC&search_order_by=SORT&search_page=1&SUPD_SRS=RU&SUPD_CMP=N
2021-05-22 08:43:10 -  - exec CUpdateClientPartner::GetHTTPPage
2021-05-22 08:43:11 -  - TIME SearchModulesEx(request) 1.449 sec
2021-05-22 08:43:11 -  - exec CUpdateClientPartner::ParseServerData
2021-05-22 08:43:34 -  - exec CUpdateClientPartner::LoadModulesUpdates
2021-05-22 08:43:34 -  - exec CUpdateClientPartner::__CollectRequestData
2021-05-22 08:43:34 -  - utf=Y&lang=ru&stable=Y&CANGZIP=Y&SUPD_DBS=MYSQL&XE=N&CLIENT_SITE=localhost&LICENSE_KEY=X&SUPD_STS=1&SUPD_URS=0&SUPD_URSA=1&TYPENC=D&CLIENT_PHPVER=7.4.12&NGINX=Y&dbv=5.7.32&instm=main%2C20.200.300%2CY%3Bvote%2C20.100.100%2CN%3Bui%2C20.5.887%2CN%3Blanding%2C20.4.850%2CN%3Bmobileapp%2C20.5.0%2CN%3Bform%2C20.100.0%2CN%3Bperfmon%2C20.100.0%2CN%3Bscale%2C20.5.0%2CN%3Bbitrix.siteinfoportal%2C15.5.0%2CN%3Bhighloadblock%2C20.100.0%2CN%3Bsecurity%2C20.200.0%2CN%3Btranslate%2C20.100.0%2CN%3Bsocialservices%2C20.0.500%2CN%3Bphotogallery%2C20.5.0%2CN%3Bblog%2C20.100.100%2CN%3Bclouds%2C20.100.0%2CN%3Bsearch%2C20.5.0%2CN%3Biblock%2C20.0.1150%2CN%3Bforum%2C20.5.0%2CN%3Bsubscribe%2C20.5.0%2CN%3Bmessageservice%2C20.100.0%2CN%3Bbitrixcloud%2C20.5.0%2CN%3Bbitrix.sitecorporate%2C15.5.0%2CN%3Bbitrix.sitepersonal%2C15.5.0%2CN%3Bseo%2C20.0.400%2CN%3Bb24connector%2C20.5.0%2CN%3Brest%2C20.50.150%2CN%3Bfileman%2C20.5.0%2CN&reqm=nsandrey.emptyinstall&lim=Y&SUPD_SRS=RU&SUPD_CMP=N
2021-05-22 08:43:34 -  - exec CUpdateClientPartner::GetHTTPPage
2021-05-22 08:43:34 -  - TIME LoadModulesUpdates(request) 0.338 sec
2021-05-22 08:43:34 -  - exec CUpdateClientPartner::ParseServerData
2021-05-22 08:43:34 - S - STEP
2021-05-22 08:43:34 - LM4W01 - loadModule4Wizard-Step
2021-05-22 08:43:35 -  - exec CUpdateClientPartner::LoadModulesUpdates
2021-05-22 08:43:35 -  - exec CUpdateClientPartner::ParseServerData
2021-05-22 08:43:35 -  - loadFile
2021-05-22 08:43:35 - U - RETURN
2021-05-22 08:43:35 -  - exec CUpdateClientPartner::UnGzipArchive
2021-05-22 08:43:35 -  - TIME UnGzipArchive 0.078 sec
2021-05-22 08:43:35 -  - TIME UpdateStepModules 0.074 sec
2021-05-22 08:43:36 -  - exec CUpdateClientPartner::LoadModulesUpdates
2021-05-22 08:43:36 -  - exec CUpdateClientPartner::__CollectRequestData
2021-05-22 08:43:36 -  - utf=Y&lang=ru&stable=Y&CANGZIP=Y&SUPD_DBS=MYSQL&XE=N&CLIENT_SITE=localhost&LICENSE_KEY=X&SUPD_STS=1&SUPD_URS=0&SUPD_URSA=1&TYPENC=D&CLIENT_PHPVER=7.4.12&NGINX=Y&dbv=5.7.32&instm=main%2C20.200.300%2CY%3Bvote%2C20.100.100%2CN%3Bui%2C20.5.887%2CN%3Blanding%2C20.4.850%2CN%3Bmobileapp%2C20.5.0%2CN%3Bform%2C20.100.0%2CN%3Bperfmon%2C20.100.0%2CN%3Bscale%2C20.5.0%2CN%3Bbitrix.siteinfoportal%2C15.5.0%2CN%3Bhighloadblock%2C20.100.0%2CN%3Bsecurity%2C20.200.0%2CN%3Btranslate%2C20.100.0%2CN%3Bsocialservices%2C20.0.500%2CN%3Bphotogallery%2C20.5.0%2CN%3Bblog%2C20.100.100%2CN%3Bclouds%2C20.100.0%2CN%3Bsearch%2C20.5.0%2CN%3Biblock%2C20.0.1150%2CN%3Bforum%2C20.5.0%2CN%3Bsubscribe%2C20.5.0%2CN%3Bmessageservice%2C20.100.0%2CN%3Bbitrixcloud%2C20.5.0%2CN%3Bbitrix.sitecorporate%2C15.5.0%2CN%3Bbitrix.sitepersonal%2C15.5.0%2CN%3Bseo%2C20.0.400%2CN%3Bb24connector%2C20.5.0%2CN%3Bnsandrey.emptyinstall%2C1.0.5%2CN%3Brest%2C20.50.150%2CN%3Bfileman%2C20.5.0%2CN&reqm=nsandrey.emptyinstall&lim=Y&SUPD_SRS=RU&SUPD_CMP=N
2021-05-22 08:43:36 -  - exec CUpdateClientPartner::GetHTTPPage
2021-05-22 08:43:36 -  - TIME LoadModulesUpdates(request) 0.339 sec
2021-05-22 08:43:36 -  - exec CUpdateClientPartner::ParseServerData
2021-05-22 08:43:36 - STEP - Finish - NOUPDATES
2021-05-22 08:43:36 - LM4W03 - Finish - NOUPDATES
2021-05-22 08:50:26 -  - exec CUpdateClientPartner::__CollectRequestData
2021-05-22 08:50:26 -  - exec CUpdateClientPartner::GetHTTPPage
2021-05-22 08:50:27 -  - exec CUpdateClientPartner::ParseServerData
2021-05-22 08:50:27 -  - exec CUpdateClientPartner::GetUpdatesList
2021-05-22 08:50:27 -  - exec CUpdateClientPartner::__CollectRequestData
2021-05-22 08:50:27 -  - utf=Y&lang=ru&stable=Y&CANGZIP=Y&SUPD_DBS=MYSQL&XE=N&CLIENT_SITE=localhost&LICENSE_KEY=X&SUPD_STS=1&SUPD_URS=0&SUPD_URSA=1&TYPENC=D&CLIENT_PHPVER=7.4.12&NGINX=Y&dbv=5.7.32&instm=main%2C20.200.300%2CY%3Bvote%2C20.100.100%2CN%3Bui%2C20.5.887%2CN%3Blanding%2C20.4.850%2CN%3Bmobileapp%2C20.5.0%2CN%3Bform%2C20.100.0%2CN%3Bperfmon%2C20.100.0%2CN%3Bscale%2C20.5.0%2CN%3Bbitrix.siteinfoportal%2C15.5.0%2CN%3Bhighloadblock%2C20.100.0%2CN%3Bsecurity%2C20.200.0%2CN%3Btranslate%2C20.100.0%2CN%3Bsocialservices%2C20.0.500%2CN%3Bphotogallery%2C20.5.0%2CN%3Bblog%2C20.100.100%2CN%3Bclouds%2C20.100.0%2CN%3Bsearch%2C20.5.0%2CN%3Biblock%2C20.0.1150%2CN%3Bforum%2C20.5.0%2CN%3Bsubscribe%2C20.5.0%2CN%3Bmessageservice%2C20.100.0%2CN%3Bbitrixcloud%2C20.5.0%2CN%3Bbitrix.sitecorporate%2C15.5.0%2CN%3Bbitrix.sitepersonal%2C15.5.0%2CN%3Bseo%2C20.0.400%2CN%3Bb24connector%2C20.5.0%2CN%3Bnsandrey.emptyinstall%2C1.0.5%2CN%3Brest%2C20.50.150%2CN%3Bfileman%2C20.5.0%2CN&reqm=bitrix.siteinfoportal%2Cbitrix.sitecorporate%2Cbitrix.sitepersonal%2Cnsandrey.emptyinstall&fullmoduleinfo=Y&SUPD_SRS=RU&SUPD_CMP=N
2021-05-22 08:50:27 -  - exec CUpdateClientPartner::GetHTTPPage
2021-05-22 08:50:27 -  - TIME GetUpdatesList(request) 0.3 sec
2021-05-22 08:50:27 -  - exec CUpdateClientPartner::ParseServerData
2021-05-22 08:50:27 -  - exec CUpdateClientPartner::__CollectRequestData
2021-05-22 08:50:27 -  - exec CUpdateClientPartner::GetHTTPPage
2021-05-22 08:50:27 -  - exec CUpdateClientPartner::ParseServerData
2021-05-22 08:56:28 -  - exec CUpdateClientPartner::GetUpdatesList
2021-05-22 08:56:28 -  - exec CUpdateClientPartner::__CollectRequestData
2021-05-22 08:56:28 -  - utf=Y&lang=ru&stable=Y&CANGZIP=Y&SUPD_DBS=MYSQL&XE=N&CLIENT_SITE=localhost&LICENSE_KEY=X&SUPD_STS=1&SUPD_URS=0&SUPD_URSA=1&TYPENC=D&CLIENT_PHPVER=7.4.12&NGINX=Y&dbv=5.7.32&instm=main%2C20.200.300%2CY%3Bvote%2C20.100.100%2CN%3Bui%2C20.5.887%2CN%3Blanding%2C20.4.850%2CN%3Bmobileapp%2C20.5.0%2CN%3Bform%2C20.100.0%2CN%3Bperfmon%2C20.100.0%2CN%3Bscale%2C20.5.0%2CN%3Bbitrix.siteinfoportal%2C15.5.0%2CN%3Bhighloadblock%2C20.100.0%2CN%3Bsecurity%2C20.200.0%2CN%3Btranslate%2C20.100.0%2CN%3Bsocialservices%2C20.0.500%2CN%3Bphotogallery%2C20.5.0%2CN%3Bblog%2C20.100.100%2CN%3Bclouds%2C20.100.0%2CN%3Bsearch%2C20.5.0%2CN%3Biblock%2C20.0.1150%2CN%3Bforum%2C20.5.0%2CN%3Bsubscribe%2C20.5.0%2CN%3Bmessageservice%2C20.100.0%2CN%3Bbitrixcloud%2C20.5.0%2CN%3Bbitrix.sitecorporate%2C15.5.0%2CN%3Bbitrix.sitepersonal%2C15.5.0%2CN%3Bseo%2C20.0.400%2CN%3Bb24connector%2C20.5.0%2CN%3Bnsandrey.emptyinstall%2C1.0.5%2CN%3Brest%2C20.50.150%2CN%3Bfileman%2C20.5.0%2CN&reqm=bitrix.siteinfoportal%2Cbitrix.sitecorporate%2Cbitrix.sitepersonal%2Cnsandrey.emptyinstall&fullmoduleinfo=Y&SUPD_SRS=RU&SUPD_CMP=N
2021-05-22 08:56:28 -  - exec CUpdateClientPartner::GetHTTPPage
2021-05-22 08:56:29 -  - TIME GetUpdatesList(request) 0.483 sec
2021-05-22 08:56:29 -  - exec CUpdateClientPartner::ParseServerData
2021-05-27 08:43:06 -  - exec CUpdateClientPartner::__CollectRequestData
2021-05-27 08:43:06 -  - exec CUpdateClientPartner::GetHTTPPage
2021-05-27 08:43:07 -  - exec CUpdateClientPartner::ParseServerData
2021-05-27 08:43:07 -  - exec CUpdateClientPartner::GetUpdatesList
2021-05-27 08:43:07 -  - exec CUpdateClientPartner::__CollectRequestData
2021-05-27 08:43:07 -  - utf=Y&lang=ru&stable=Y&CANGZIP=Y&SUPD_DBS=MYSQL&XE=N&CLIENT_SITE=localhost&LICENSE_KEY=X&SUPD_STS=1&SUPD_URS=0&SUPD_URSA=1&TYPENC=D&CLIENT_PHPVER=7.4.12&NGINX=Y&dbv=5.7.32&instm=main%2C20.200.300%2CY%3Bvote%2C20.100.100%2CN%3Bui%2C20.5.887%2CN%3Blanding%2C20.4.850%2CN%3Bmobileapp%2C20.5.0%2CN%3Bform%2C20.100.0%2CN%3Bperfmon%2C20.100.0%2CN%3Bscale%2C20.5.0%2CN%3Bbitrix.siteinfoportal%2C15.5.0%2CN%3Bhighloadblock%2C20.100.0%2CN%3Bsecurity%2C20.200.0%2CN%3Btranslate%2C20.100.0%2CN%3Bsocialservices%2C20.0.500%2CN%3Bphotogallery%2C20.5.0%2CN%3Bblog%2C20.100.100%2CN%3Bclouds%2C20.100.0%2CN%3Bsearch%2C20.5.0%2CN%3Biblock%2C20.0.1150%2CN%3Bforum%2C20.5.0%2CN%3Bsubscribe%2C20.5.0%2CN%3Bmessageservice%2C20.100.0%2CN%3Bbitrixcloud%2C20.5.0%2CN%3Bbitrix.sitecorporate%2C15.5.0%2CN%3Bbitrix.sitepersonal%2C15.5.0%2CN%3Bseo%2C20.0.400%2CN%3Bb24connector%2C20.5.0%2CN%3Bnsandrey.emptyinstall%2C1.0.5%2CN%3Brest%2C20.50.150%2CN%3Bfileman%2C20.5.0%2CN&reqm=bitrix.siteinfoportal%2Cbitrix.sitecorporate%2Cbitrix.sitepersonal%2Cnsandrey.emptyinstall&fullmoduleinfo=Y&SUPD_SRS=RU&SUPD_CMP=N
2021-05-27 08:43:07 -  - exec CUpdateClientPartner::GetHTTPPage
2021-05-27 08:43:22 -  - TIME GetUpdatesList(request) 15.348 sec
2021-05-27 08:43:22 -  - exec CUpdateClientPartner::ParseServerData
2021-05-27 08:43:22 -  - exec CUpdateClientPartner::__CollectRequestData
2021-05-27 08:43:22 -  - exec CUpdateClientPartner::GetHTTPPage
2021-05-27 08:43:23 -  - exec CUpdateClientPartner::ParseServerData
2021-06-03 08:17:50 -  - exec CUpdateClientPartner::__CollectRequestData
2021-06-03 08:17:50 -  - exec CUpdateClientPartner::GetHTTPPage
2021-06-03 08:17:51 -  - exec CUpdateClientPartner::ParseServerData
2021-06-03 08:17:51 -  - exec CUpdateClientPartner::GetUpdatesList
2021-06-03 08:17:51 -  - exec CUpdateClientPartner::__CollectRequestData
2021-06-03 08:17:51 -  - utf=Y&lang=ru&stable=Y&CANGZIP=Y&SUPD_DBS=MYSQL&XE=N&CLIENT_SITE=localhost&LICENSE_KEY=X&SUPD_STS=1&SUPD_URS=0&SUPD_URSA=1&TYPENC=D&CLIENT_PHPVER=7.4.12&NGINX=Y&dbv=5.7.32&instm=main%2C20.200.300%2CY%3Bvote%2C20.100.100%2CN%3Bui%2C20.5.887%2CN%3Blanding%2C20.4.850%2CN%3Bmobileapp%2C20.5.0%2CN%3Bform%2C20.100.0%2CN%3Bperfmon%2C20.100.0%2CN%3Bscale%2C20.5.0%2CN%3Bbitrix.siteinfoportal%2C15.5.0%2CN%3Bhighloadblock%2C20.100.0%2CN%3Bsecurity%2C20.200.0%2CN%3Btranslate%2C20.100.0%2CN%3Bsocialservices%2C20.0.500%2CN%3Bphotogallery%2C20.5.0%2CN%3Bblog%2C20.100.100%2CN%3Bclouds%2C20.100.0%2CN%3Bsearch%2C20.5.0%2CN%3Biblock%2C20.0.1150%2CN%3Bforum%2C20.5.0%2CN%3Bsubscribe%2C20.5.0%2CN%3Bmessageservice%2C20.100.0%2CN%3Bbitrixcloud%2C20.5.0%2CN%3Bbitrix.sitecorporate%2C15.5.0%2CN%3Bbitrix.sitepersonal%2C15.5.0%2CN%3Bseo%2C20.0.400%2CN%3Bb24connector%2C20.5.0%2CN%3Bnsandrey.emptyinstall%2C1.0.5%2CN%3Brest%2C20.50.150%2CN%3Bfileman%2C20.5.0%2CN&reqm=bitrix.siteinfoportal%2Cbitrix.sitecorporate%2Cbitrix.sitepersonal%2Cnsandrey.emptyinstall&fullmoduleinfo=Y&SUPD_SRS=RU&SUPD_CMP=N
2021-06-03 08:17:51 -  - exec CUpdateClientPartner::GetHTTPPage
2021-06-03 08:17:51 -  - TIME GetUpdatesList(request) 0.301 sec
2021-06-03 08:17:51 -  - exec CUpdateClientPartner::ParseServerData
2021-06-03 08:17:51 -  - exec CUpdateClientPartner::__CollectRequestData
2021-06-03 08:17:51 -  - exec CUpdateClientPartner::GetHTTPPage
2021-06-03 08:17:51 -  - exec CUpdateClientPartner::ParseServerData
2021-06-04 08:18:40 -  - exec CUpdateClientPartner::__CollectRequestData
2021-06-04 08:18:40 -  - exec CUpdateClientPartner::GetHTTPPage
2021-06-04 08:18:40 -  - exec CUpdateClientPartner::ParseServerData
2021-06-04 08:18:40 -  - exec CUpdateClientPartner::GetUpdatesList
2021-06-04 08:18:40 -  - exec CUpdateClientPartner::__CollectRequestData
2021-06-04 08:18:40 -  - utf=Y&lang=ru&stable=Y&CANGZIP=Y&SUPD_DBS=MYSQL&XE=N&CLIENT_SITE=localhost&LICENSE_KEY=X&SUPD_STS=1&SUPD_URS=0&SUPD_URSA=1&TYPENC=D&CLIENT_PHPVER=7.4.12&NGINX=Y&dbv=5.7.32&instm=main%2C20.200.300%2CY%3Bvote%2C20.100.100%2CN%3Bui%2C20.5.887%2CN%3Blanding%2C20.4.850%2CN%3Bmobileapp%2C20.5.0%2CN%3Bform%2C20.100.0%2CN%3Bperfmon%2C20.100.0%2CN%3Bscale%2C20.5.0%2CN%3Bbitrix.siteinfoportal%2C15.5.0%2CN%3Bhighloadblock%2C20.100.0%2CN%3Bsecurity%2C20.200.0%2CN%3Btranslate%2C20.100.0%2CN%3Bsocialservices%2C20.0.500%2CN%3Bphotogallery%2C20.5.0%2CN%3Bblog%2C20.100.100%2CN%3Bclouds%2C20.100.0%2CN%3Bsearch%2C20.5.0%2CN%3Biblock%2C20.0.1150%2CN%3Bforum%2C20.5.0%2CN%3Bsubscribe%2C20.5.0%2CN%3Bmessageservice%2C20.100.0%2CN%3Bbitrixcloud%2C20.5.0%2CN%3Bbitrix.sitecorporate%2C15.5.0%2CN%3Bbitrix.sitepersonal%2C15.5.0%2CN%3Bseo%2C20.0.400%2CN%3Bb24connector%2C20.5.0%2CN%3Bnsandrey.emptyinstall%2C1.0.5%2CN%3Brest%2C20.50.150%2CN%3Bfileman%2C20.5.0%2CN&reqm=bitrix.siteinfoportal%2Cbitrix.sitecorporate%2Cbitrix.sitepersonal%2Cnsandrey.emptyinstall&fullmoduleinfo=Y&SUPD_SRS=RU&SUPD_CMP=N
2021-06-04 08:18:40 -  - exec CUpdateClientPartner::GetHTTPPage
2021-06-04 08:18:41 -  - TIME GetUpdatesList(request) 0.315 sec
2021-06-04 08:18:41 -  - exec CUpdateClientPartner::ParseServerData
2021-06-04 08:18:41 -  - exec CUpdateClientPartner::__CollectRequestData
2021-06-04 08:18:41 -  - exec CUpdateClientPartner::GetHTTPPage
2021-06-04 08:18:41 -  - exec CUpdateClientPartner::ParseServerData
2021-06-05 11:07:51 -  - exec CUpdateClientPartner::__CollectRequestData
2021-06-05 11:07:51 -  - exec CUpdateClientPartner::GetHTTPPage
2021-06-05 11:07:51 -  - exec CUpdateClientPartner::ParseServerData
2021-06-05 11:07:51 -  - exec CUpdateClientPartner::GetUpdatesList
2021-06-05 11:07:51 -  - exec CUpdateClientPartner::__CollectRequestData
2021-06-05 11:07:51 -  - utf=Y&lang=ru&stable=Y&CANGZIP=Y&SUPD_DBS=MYSQL&XE=N&CLIENT_SITE=localhost&LICENSE_KEY=X&SUPD_STS=1&SUPD_URS=0&SUPD_URSA=1&TYPENC=D&CLIENT_PHPVER=7.4.12&NGINX=Y&dbv=5.7.32&instm=main%2C20.200.300%2CY%3Bvote%2C20.100.100%2CN%3Bui%2C20.5.887%2CN%3Blanding%2C20.4.850%2CN%3Bmobileapp%2C20.5.0%2CN%3Bform%2C20.100.0%2CN%3Bperfmon%2C20.100.0%2CN%3Bscale%2C20.5.0%2CN%3Bbitrix.siteinfoportal%2C15.5.0%2CN%3Bhighloadblock%2C20.100.0%2CN%3Bsecurity%2C20.200.0%2CN%3Btranslate%2C20.100.0%2CN%3Bsocialservices%2C20.0.500%2CN%3Bphotogallery%2C20.5.0%2CN%3Bblog%2C20.100.100%2CN%3Bclouds%2C20.100.0%2CN%3Bsearch%2C20.5.0%2CN%3Biblock%2C20.0.1150%2CN%3Bforum%2C20.5.0%2CN%3Bsubscribe%2C20.5.0%2CN%3Bmessageservice%2C20.100.0%2CN%3Bbitrixcloud%2C20.5.0%2CN%3Bbitrix.sitecorporate%2C15.5.0%2CN%3Bbitrix.sitepersonal%2C15.5.0%2CN%3Bseo%2C20.0.400%2CN%3Bb24connector%2C20.5.0%2CN%3Bnsandrey.emptyinstall%2C1.0.5%2CN%3Brest%2C20.50.150%2CN%3Bfileman%2C20.5.0%2CN&reqm=bitrix.siteinfoportal%2Cbitrix.sitecorporate%2Cbitrix.sitepersonal%2Cnsandrey.emptyinstall&fullmoduleinfo=Y&SUPD_SRS=RU&SUPD_CMP=N
2021-06-05 11:07:51 -  - exec CUpdateClientPartner::GetHTTPPage
2021-06-05 11:07:52 -  - TIME GetUpdatesList(request) 0.351 sec
2021-06-05 11:07:52 -  - exec CUpdateClientPartner::ParseServerData
2021-06-05 11:07:52 -  - exec CUpdateClientPartner::__CollectRequestData
2021-06-05 11:07:52 -  - exec CUpdateClientPartner::GetHTTPPage
2021-06-05 11:07:52 -  - exec CUpdateClientPartner::ParseServerData
